Analysis & Synthesis report for InstDec
Mon Jun 16 01:31:50 2025
Quartus II 64-Bit Version 13.1.0 Build 162 10/23/2013 SJ Web Edition


---------------------
; Table of Contents ;
---------------------
  1. Legal Notice
  2. Analysis & Synthesis Summary
  3. Analysis & Synthesis Settings
  4. Parallel Compilation
  5. Analysis & Synthesis Source Files Read
  6. Analysis & Synthesis Resource Usage Summary
  7. Analysis & Synthesis Resource Utilization by Entity
  8. General Register Statistics
  9. Port Connectivity Checks: "DataMemory:dmme"
 10. Port Connectivity Checks: "ALU:alu"
 11. Port Connectivity Checks: "RegisterFile:rf"
 12. Port Connectivity Checks: "InstDec:id"
 13. Port Connectivity Checks: "InstFetch:ife"
 14. Port Connectivity Checks: "ProgCounter:pc"
 15. Elapsed Time Per Partition
 16. Analysis & Synthesis Messages
 17. Analysis & Synthesis Suppressed Messages



----------------
; Legal Notice ;
----------------
Copyright (C) 1991-2013 Altera Corporation
Your use of Altera Corporation's design tools, logic functions 
and other software and tools, and its AMPP partner logic 
functions, and any output files from any of the foregoing 
(including device programming or simulation files), and any 
associated documentation or information are expressly subject 
to the terms and conditions of the Altera Program License 
Subscription Agreement, Altera MegaCore Function License 
Agreement, or other applicable license agreement, including, 
without limitation, that your use is for the sole purpose of 
programming logic devices manufactured by Altera and sold by 
Altera or its authorized distributors.  Please refer to the 
applicable agreement for further details.



+---------------------------------------------------------------------------------+
; Analysis & Synthesis Summary                                                    ;
+------------------------------------+--------------------------------------------+
; Analysis & Synthesis Status        ; Successful - Mon Jun 16 01:31:50 2025      ;
; Quartus II 64-Bit Version          ; 13.1.0 Build 162 10/23/2013 SJ Web Edition ;
; Revision Name                      ; InstDec                                    ;
; Top-level Entity Name              ; CPU                                        ;
; Family                             ; Cyclone IV GX                              ;
; Total logic elements               ; 0                                          ;
;     Total combinational functions  ; 0                                          ;
;     Dedicated logic registers      ; 0                                          ;
; Total registers                    ; 0                                          ;
; Total pins                         ; 2                                          ;
; Total virtual pins                 ; 0                                          ;
; Total memory bits                  ; 0                                          ;
; Embedded Multiplier 9-bit elements ; 0                                          ;
; Total GXB Receiver Channel PCS     ; 0                                          ;
; Total GXB Receiver Channel PMA     ; 0                                          ;
; Total GXB Transmitter Channel PCS  ; 0                                          ;
; Total GXB Transmitter Channel PMA  ; 0                                          ;
; Total PLLs                         ; 0                                          ;
+------------------------------------+--------------------------------------------+


+----------------------------------------------------------------------------------------------------------------------+
; Analysis & Synthesis Settings                                                                                        ;
+----------------------------------------------------------------------------+--------------------+--------------------+
; Option                                                                     ; Setting            ; Default Value      ;
+----------------------------------------------------------------------------+--------------------+--------------------+
; Device                                                                     ; EP4CGX15BF14A7     ;                    ;
; Top-level entity name                                                      ; CPU                ; InstDec            ;
; Family name                                                                ; Cyclone IV GX      ; Cyclone IV GX      ;
; Use smart compilation                                                      ; Off                ; Off                ;
; Enable parallel Assembler and TimeQuest Timing Analyzer during compilation ; On                 ; On                 ;
; Enable compact report table                                                ; Off                ; Off                ;
; Restructure Multiplexers                                                   ; Auto               ; Auto               ;
; Create Debugging Nodes for IP Cores                                        ; Off                ; Off                ;
; Preserve fewer node names                                                  ; On                 ; On                 ;
; Disable OpenCore Plus hardware evaluation                                  ; Off                ; Off                ;
; Verilog Version                                                            ; Verilog_2001       ; Verilog_2001       ;
; VHDL Version                                                               ; VHDL_1993          ; VHDL_1993          ;
; State Machine Processing                                                   ; Auto               ; Auto               ;
; Safe State Machine                                                         ; Off                ; Off                ;
; Extract Verilog State Machines                                             ; On                 ; On                 ;
; Extract VHDL State Machines                                                ; On                 ; On                 ;
; Ignore Verilog initial constructs                                          ; Off                ; Off                ;
; Iteration limit for constant Verilog loops                                 ; 5000               ; 5000               ;
; Iteration limit for non-constant Verilog loops                             ; 250                ; 250                ;
; Add Pass-Through Logic to Inferred RAMs                                    ; On                 ; On                 ;
; Infer RAMs from Raw Logic                                                  ; On                 ; On                 ;
; Parallel Synthesis                                                         ; On                 ; On                 ;
; DSP Block Balancing                                                        ; Auto               ; Auto               ;
; NOT Gate Push-Back                                                         ; On                 ; On                 ;
; Power-Up Don't Care                                                        ; On                 ; On                 ;
; Remove Redundant Logic Cells                                               ; Off                ; Off                ;
; Remove Duplicate Registers                                                 ; On                 ; On                 ;
; Ignore CARRY Buffers                                                       ; Off                ; Off                ;
; Ignore CASCADE Buffers                                                     ; Off                ; Off                ;
; Ignore GLOBAL Buffers                                                      ; Off                ; Off                ;
; Ignore ROW GLOBAL Buffers                                                  ; Off                ; Off                ;
; Ignore LCELL Buffers                                                       ; Off                ; Off                ;
; Ignore SOFT Buffers                                                        ; On                 ; On                 ;
; Limit AHDL Integers to 32 Bits                                             ; Off                ; Off                ;
; Optimization Technique                                                     ; Balanced           ; Balanced           ;
; Carry Chain Length                                                         ; 70                 ; 70                 ;
; Auto Carry Chains                                                          ; On                 ; On                 ;
; Auto Open-Drain Pins                                                       ; On                 ; On                 ;
; Perform WYSIWYG Primitive Resynthesis                                      ; Off                ; Off                ;
; Auto ROM Replacement                                                       ; On                 ; On                 ;
; Auto RAM Replacement                                                       ; On                 ; On                 ;
; Auto DSP Block Replacement                                                 ; On                 ; On                 ;
; Auto Shift Register Replacement                                            ; Auto               ; Auto               ;
; Allow Shift Register Merging across Hierarchies                            ; Auto               ; Auto               ;
; Auto Clock Enable Replacement                                              ; On                 ; On                 ;
; Strict RAM Replacement                                                     ; Off                ; Off                ;
; Allow Synchronous Control Signals                                          ; On                 ; On                 ;
; Force Use of Synchronous Clear Signals                                     ; Off                ; Off                ;
; Auto RAM Block Balancing                                                   ; On                 ; On                 ;
; Auto RAM to Logic Cell Conversion                                          ; Off                ; Off                ;
; Auto Resource Sharing                                                      ; Off                ; Off                ;
; Allow Any RAM Size For Recognition                                         ; Off                ; Off                ;
; Allow Any ROM Size For Recognition                                         ; Off                ; Off                ;
; Allow Any Shift Register Size For Recognition                              ; Off                ; Off                ;
; Use LogicLock Constraints during Resource Balancing                        ; On                 ; On                 ;
; Ignore translate_off and synthesis_off directives                          ; Off                ; Off                ;
; Timing-Driven Synthesis                                                    ; On                 ; On                 ;
; Report Parameter Settings                                                  ; On                 ; On                 ;
; Report Source Assignments                                                  ; On                 ; On                 ;
; Report Connectivity Checks                                                 ; On                 ; On                 ;
; Ignore Maximum Fan-Out Assignments                                         ; Off                ; Off                ;
; Synchronization Register Chain Length                                      ; 2                  ; 2                  ;
; PowerPlay Power Optimization                                               ; Normal compilation ; Normal compilation ;
; HDL message level                                                          ; Level2             ; Level2             ;
; Suppress Register Optimization Related Messages                            ; Off                ; Off                ;
; Number of Removed Registers Reported in Synthesis Report                   ; 5000               ; 5000               ;
; Number of Swept Nodes Reported in Synthesis Report                         ; 5000               ; 5000               ;
; Number of Inverted Registers Reported in Synthesis Report                  ; 100                ; 100                ;
; Clock MUX Protection                                                       ; On                 ; On                 ;
; Auto Gated Clock Conversion                                                ; Off                ; Off                ;
; Block Design Naming                                                        ; Auto               ; Auto               ;
; SDC constraint protection                                                  ; Off                ; Off                ;
; Synthesis Effort                                                           ; Auto               ; Auto               ;
; Shift Register Replacement - Allow Asynchronous Clear Signal               ; On                 ; On                 ;
; Pre-Mapping Resynthesis Optimization                                       ; Off                ; Off                ;
; Analysis & Synthesis Message Level                                         ; Medium             ; Medium             ;
; Disable Register Merging Across Hierarchies                                ; Auto               ; Auto               ;
; Resource Aware Inference For Block RAM                                     ; On                 ; On                 ;
; Synthesis Seed                                                             ; 1                  ; 1                  ;
+----------------------------------------------------------------------------+--------------------+--------------------+


+------------------------------------------+
; Parallel Compilation                     ;
+----------------------------+-------------+
; Processors                 ; Number      ;
+----------------------------+-------------+
; Number detected on machine ; 4           ;
; Maximum allowed            ; 4           ;
;                            ;             ;
; Average used               ; 1.00        ;
; Maximum used               ; 1           ;
;                            ;             ;
; Usage by Processor         ; % Time Used ;
;     Processor 1            ; 100.0%      ;
;     Processors 2-4         ;   0.0%      ;
+----------------------------+-------------+


+-------------------------------------------------------------------------------------------------------------------------------------+
; Analysis & Synthesis Source Files Read                                                                                              ;
+----------------------------------+-----------------+------------------------+---------------------------------------------+---------+
; File Name with User-Entered Path ; Used in Netlist ; File Type              ; File Name with Absolute Path                ; Library ;
+----------------------------------+-----------------+------------------------+---------------------------------------------+---------+
; InstFetch.v                      ; yes             ; User Verilog HDL File  ; C:/Mac/Home/Desktop/Vicharak/InstFetch.v    ;         ;
; InstDec.v                        ; yes             ; User Verilog HDL File  ; C:/Mac/Home/Desktop/Vicharak/InstDec.v      ;         ;
; DataMemory.v                     ; yes             ; User Verilog HDL File  ; C:/Mac/Home/Desktop/Vicharak/DataMemory.v   ;         ;
; ProgCounter.v                    ; yes             ; User Verilog HDL File  ; C:/Mac/Home/Desktop/Vicharak/ProgCounter.v  ;         ;
; ALU.v                            ; yes             ; User Verilog HDL File  ; C:/Mac/Home/Desktop/Vicharak/ALU.v          ;         ;
; ControlUnit.v                    ; yes             ; User Verilog HDL File  ; C:/Mac/Home/Desktop/Vicharak/ControlUnit.v  ;         ;
; RegisterFile.v                   ; yes             ; User Verilog HDL File  ; C:/Mac/Home/Desktop/Vicharak/RegisterFile.v ;         ;
; CPU.v                            ; yes             ; User Verilog HDL File  ; C:/Mac/Home/Desktop/Vicharak/CPU.v          ;         ;
+----------------------------------+-----------------+------------------------+---------------------------------------------+---------+


+---------------------------------------------+
; Analysis & Synthesis Resource Usage Summary ;
+--------------------------+------------------+
; Resource                 ; Usage            ;
+--------------------------+------------------+
; I/O pins                 ; 2                ;
; DSP block 9-bit elements ; 0                ;
; Maximum fan-out node     ; clk              ;
; Maximum fan-out          ; 1                ;
; Total fan-out            ; 2                ;
; Average fan-out          ; 0.50             ;
+--------------------------+------------------+


+-----------------------------------------------------------------------------------------------------------------------------------------------------------------------------------------+
; Analysis & Synthesis Resource Utilization by Entity                                                                                                                                     ;
+----------------------------+-------------------+--------------+-------------+--------------+---------+-----------+-----------+------+--------------+---------------------+--------------+
; Compilation Hierarchy Node ; LC Combinationals ; LC Registers ; Memory Bits ; DSP Elements ; DSP 9x9 ; DSP 18x18 ; DSP 36x36 ; Pins ; Virtual Pins ; Full Hierarchy Name ; Library Name ;
+----------------------------+-------------------+--------------+-------------+--------------+---------+-----------+-----------+------+--------------+---------------------+--------------+
; |CPU                       ; 0 (0)             ; 0 (0)        ; 0           ; 0            ; 0       ; 0         ; 0         ; 2    ; 0            ; |CPU                ; work         ;
+----------------------------+-------------------+--------------+-------------+--------------+---------+-----------+-----------+------+--------------+---------------------+--------------+
Note: For table entries with two numbers listed, the numbers in parentheses indicate the number of resources of the given type used by the specific entity alone. The numbers listed outside of parentheses indicate the total resources of the given type used by the specific entity and all of its sub-entities in the hierarchy.


+------------------------------------------------------+
; General Register Statistics                          ;
+----------------------------------------------+-------+
; Statistic                                    ; Value ;
+----------------------------------------------+-------+
; Total registers                              ; 0     ;
; Number of registers using Synchronous Clear  ; 0     ;
; Number of registers using Synchronous Load   ; 0     ;
; Number of registers using Asynchronous Clear ; 0     ;
; Number of registers using Asynchronous Load  ; 0     ;
; Number of registers using Clock Enable       ; 0     ;
; Number of registers using Preset             ; 0     ;
+----------------------------------------------+-------+


+--------------------------------------------------------------------------------------------------------------------------------------------------------------------------------------------------------------------------+
; Port Connectivity Checks: "DataMemory:dmme"                                                                                                                                                                              ;
+-----------------+--------+----------+------------------------------------------------------------------------------------------------------------------------------------------------------------------------------------+
; Port            ; Type   ; Severity ; Details                                                                                                                                                                            ;
+-----------------+--------+----------+------------------------------------------------------------------------------------------------------------------------------------------------------------------------------------+
; address         ; Input  ; Warning  ; Input port expression (20 bits) is wider than the input port (19 bits) it drives.  The 1 most-significant bit(s) in the expression will be dangling if they have no other fanouts. ;
; data_out        ; Output ; Warning  ; Output or bidir port (19 bits) is smaller than the port expression (20 bits) it drives.  The 1 most-significant bit(s) in the port expression will be connected to GND.            ;
; data_out[18..0] ; Output ; Info     ; Connected to dangling logic. Logic that only feeds a dangling port will be removed.                                                                                                ;
+-----------------+--------+----------+------------------------------------------------------------------------------------------------------------------------------------------------------------------------------------+


+----------------------------------------------------------------------------------------------------------------------------------------------------------------------------------------------------------+
; Port Connectivity Checks: "ALU:alu"                                                                                                                                                                      ;
+------------+--------+----------+-------------------------------------------------------------------------------------------------------------------------------------------------------------------------+
; Port       ; Type   ; Severity ; Details                                                                                                                                                                 ;
+------------+--------+----------+-------------------------------------------------------------------------------------------------------------------------------------------------------------------------+
; alu_result ; Output ; Warning  ; Output or bidir port (19 bits) is smaller than the port expression (20 bits) it drives.  The 1 most-significant bit(s) in the port expression will be connected to GND. ;
+------------+--------+----------+-------------------------------------------------------------------------------------------------------------------------------------------------------------------------+


+------------------------------------------------------------------------------------------------------------------------------------------------------------------------------+
; Port Connectivity Checks: "RegisterFile:rf"                                                                                                                                  ;
+-----------+--------+----------+----------------------------------------------------------------------------------------------------------------------------------------------+
; Port      ; Type   ; Severity ; Details                                                                                                                                      ;
+-----------+--------+----------+----------------------------------------------------------------------------------------------------------------------------------------------+
; writeData ; Input  ; Warning  ; Declared by entity but not connected by instance. If a default value exists, it will be used.  Otherwise, the port will be connected to GND. ;
; data1     ; Output ; Warning  ; Declared by entity but not connected by instance. Logic that only feeds a dangling port will be removed.                                     ;
; data2     ; Output ; Warning  ; Declared by entity but not connected by instance. Logic that only feeds a dangling port will be removed.                                     ;
+-----------+--------+----------+----------------------------------------------------------------------------------------------------------------------------------------------+


+---------------------------------------------------------------------------------------------------------------------------------------------------------------------------------------------------------------------+
; Port Connectivity Checks: "InstDec:id"                                                                                                                                                                              ;
+-------------+-------+----------+------------------------------------------------------------------------------------------------------------------------------------------------------------------------------------+
; Port        ; Type  ; Severity ; Details                                                                                                                                                                            ;
+-------------+-------+----------+------------------------------------------------------------------------------------------------------------------------------------------------------------------------------------+
; instruction ; Input ; Warning  ; Input port expression (20 bits) is wider than the input port (19 bits) it drives.  The 1 most-significant bit(s) in the expression will be dangling if they have no other fanouts. ;
+-------------+-------+----------+------------------------------------------------------------------------------------------------------------------------------------------------------------------------------------+


+-------------------------------------------------------------------------------------------------------------------------------------------------------------------------------------------------------------------------------+
; Port Connectivity Checks: "InstFetch:ife"                                                                                                                                                                                     ;
+----------------------+--------+----------+------------------------------------------------------------------------------------------------------------------------------------------------------------------------------------+
; Port                 ; Type   ; Severity ; Details                                                                                                                                                                            ;
+----------------------+--------+----------+------------------------------------------------------------------------------------------------------------------------------------------------------------------------------------+
; proCount_in          ; Input  ; Warning  ; Input port expression (20 bits) is wider than the input port (19 bits) it drives.  The 1 most-significant bit(s) in the expression will be dangling if they have no other fanouts. ;
; proCount_next        ; Output ; Warning  ; Output or bidir port (19 bits) is smaller than the port expression (20 bits) it drives.  The 1 most-significant bit(s) in the port expression will be connected to GND.            ;
; proCount_next[18..0] ; Output ; Info     ; Connected to dangling logic. Logic that only feeds a dangling port will be removed.                                                                                                ;
; instruction          ; Output ; Warning  ; Output or bidir port (19 bits) is smaller than the port expression (20 bits) it drives.  The 1 most-significant bit(s) in the port expression will be connected to GND.            ;
+----------------------+--------+----------+------------------------------------------------------------------------------------------------------------------------------------------------------------------------------------+


+-----------------------------------------------------------------------------------------------------------------------------------------------------------------------------------------------------------------------+
; Port Connectivity Checks: "ProgCounter:pc"                                                                                                                                                                            ;
+--------------+--------+----------+------------------------------------------------------------------------------------------------------------------------------------------------------------------------------------+
; Port         ; Type   ; Severity ; Details                                                                                                                                                                            ;
+--------------+--------+----------+------------------------------------------------------------------------------------------------------------------------------------------------------------------------------------+
; update       ; Input  ; Warning  ; Input port expression (20 bits) is wider than the input port (1 bits) it drives.  The 19 most-significant bit(s) in the expression will be dangling if they have no other fanouts. ;
; proCount_in  ; Input  ; Warning  ; Input port expression (1 bits) is smaller than the input port (19 bits) it drives.  Extra input bit(s) "proCount_in[18..1]" will be connected to GND.                              ;
; proCount_out ; Output ; Warning  ; Output or bidir port (19 bits) is smaller than the port expression (20 bits) it drives.  The 1 most-significant bit(s) in the port expression will be connected to GND.            ;
+--------------+--------+----------+------------------------------------------------------------------------------------------------------------------------------------------------------------------------------------+


+-------------------------------+
; Elapsed Time Per Partition    ;
+----------------+--------------+
; Partition Name ; Elapsed Time ;
+----------------+--------------+
; Top            ; 00:00:00     ;
+----------------+--------------+


+-------------------------------+
; Analysis & Synthesis Messages ;
+-------------------------------+
Info: *******************************************************************
Info: Running Quartus II 64-Bit Analysis & Synthesis
    Info: Version 13.1.0 Build 162 10/23/2013 SJ Web Edition
    Info: Processing started: Mon Jun 16 01:31:47 2025
Info: Command: quartus_map --read_settings_files=on --write_settings_files=off InstDec -c InstDec
Info (20030): Parallel compilation is enabled and will use 4 of the 4 processors detected
Info (12021): Found 1 design units, including 1 entities, in source file instfetch.v
    Info (12023): Found entity 1: InstFetch
Info (12021): Found 1 design units, including 1 entities, in source file instdec.v
    Info (12023): Found entity 1: InstDec
Info (12021): Found 1 design units, including 1 entities, in source file datamemory.v
    Info (12023): Found entity 1: DataMemory
Info (12021): Found 1 design units, including 1 entities, in source file progcounter.v
    Info (12023): Found entity 1: ProgCounter
Info (12021): Found 1 design units, including 1 entities, in source file alu.v
    Info (12023): Found entity 1: ALU
Info (12021): Found 1 design units, including 1 entities, in source file controlunit.v
    Info (12023): Found entity 1: ControlUnit
Info (12021): Found 1 design units, including 1 entities, in source file registerfile.v
    Info (12023): Found entity 1: RegisterFile
Info (12021): Found 1 design units, including 1 entities, in source file cpu.v
    Info (12023): Found entity 1: CPU
Warning (10236): Verilog HDL Implicit Net warning at CPU.v(10): created implicit net for "progCount_next"
Info (12127): Elaborating entity "CPU" for the top level hierarchy
Info (12128): Elaborating entity "ProgCounter" for hierarchy "ProgCounter:pc"
Warning (10230): Verilog HDL assignment warning at ProgCounter.v(21): truncated value with size 32 to match size of target (4)
Warning (10230): Verilog HDL assignment warning at ProgCounter.v(27): truncated value with size 32 to match size of target (19)
Warning (10230): Verilog HDL assignment warning at ProgCounter.v(28): truncated value with size 32 to match size of target (4)
Info (12128): Elaborating entity "InstFetch" for hierarchy "InstFetch:ife"
Warning (10858): Verilog HDL warning at InstFetch.v(8): object instructionMemory used but never assigned
Warning (10230): Verilog HDL assignment warning at InstFetch.v(19): truncated value with size 32 to match size of target (19)
Info (12128): Elaborating entity "InstDec" for hierarchy "InstDec:id"
Warning (10034): Output port "rd" at InstDec.v(4) has no driver
Info (12128): Elaborating entity "RegisterFile" for hierarchy "RegisterFile:rf"
Info (12128): Elaborating entity "ALU" for hierarchy "ALU:alu"
Warning (10230): Verilog HDL assignment warning at ALU.v(23): truncated value with size 32 to match size of target (19)
Warning (10230): Verilog HDL assignment warning at ALU.v(24): truncated value with size 32 to match size of target (19)
Warning (10230): Verilog HDL assignment warning at ALU.v(25): truncated value with size 32 to match size of target (19)
Warning (10230): Verilog HDL assignment warning at ALU.v(26): truncated value with size 32 to match size of target (19)
Info (12128): Elaborating entity "ControlUnit" for hierarchy "ControlUnit:cu"
Warning (10272): Verilog HDL Case Statement warning at ControlUnit.v(105): case item expression covers a value already covered by a previous case item
Warning (10270): Verilog HDL Case Statement warning at ControlUnit.v(7): incomplete case statement has no default case item
Warning (10240): Verilog HDL Always Construct warning at ControlUnit.v(7): inferring latch(es) for variable "regWrite", which holds its previous value in one or more paths through the always construct
Warning (10240): Verilog HDL Always Construct warning at ControlUnit.v(7): inferring latch(es) for variable "memoryRead", which holds its previous value in one or more paths through the always construct
Warning (10240): Verilog HDL Always Construct warning at ControlUnit.v(7): inferring latch(es) for variable "memoryWrite", which holds its previous value in one or more paths through the always construct
Warning (10240): Verilog HDL Always Construct warning at ControlUnit.v(7): inferring latch(es) for variable "branch", which holds its previous value in one or more paths through the always construct
Warning (10240): Verilog HDL Always Construct warning at ControlUnit.v(7): inferring latch(es) for variable "jump", which holds its previous value in one or more paths through the always construct
Warning (10240): Verilog HDL Always Construct warning at ControlUnit.v(7): inferring latch(es) for variable "call", which holds its previous value in one or more paths through the always construct
Warning (10240): Verilog HDL Always Construct warning at ControlUnit.v(7): inferring latch(es) for variable "ret", which holds its previous value in one or more paths through the always construct
Info (10041): Inferred latch for "ret" at ControlUnit.v(7)
Info (10041): Inferred latch for "call" at ControlUnit.v(7)
Info (10041): Inferred latch for "jump" at ControlUnit.v(7)
Info (10041): Inferred latch for "branch" at ControlUnit.v(7)
Info (10041): Inferred latch for "memoryWrite" at ControlUnit.v(7)
Info (10041): Inferred latch for "memoryRead" at ControlUnit.v(7)
Info (10041): Inferred latch for "regWrite" at ControlUnit.v(7)
Info (12128): Elaborating entity "DataMemory" for hierarchy "DataMemory:dmme"
Warning (12011): Net is missing source, defaulting to GND
    Warning (12110): Net "alu_result[19]" is missing source, defaulting to GND
    Warning (12110): Net "data2[18]" is missing source, defaulting to GND
    Warning (12110): Net "data2[17]" is missing source, defaulting to GND
    Warning (12110): Net "data2[16]" is missing source, defaulting to GND
    Warning (12110): Net "data2[15]" is missing source, defaulting to GND
    Warning (12110): Net "data2[14]" is missing source, defaulting to GND
    Warning (12110): Net "data2[13]" is missing source, defaulting to GND
    Warning (12110): Net "data2[12]" is missing source, defaulting to GND
    Warning (12110): Net "data2[11]" is missing source, defaulting to GND
    Warning (12110): Net "data2[10]" is missing source, defaulting to GND
    Warning (12110): Net "data2[9]" is missing source, defaulting to GND
    Warning (12110): Net "data2[8]" is missing source, defaulting to GND
    Warning (12110): Net "data2[7]" is missing source, defaulting to GND
    Warning (12110): Net "data2[6]" is missing source, defaulting to GND
    Warning (12110): Net "data2[5]" is missing source, defaulting to GND
    Warning (12110): Net "data2[4]" is missing source, defaulting to GND
    Warning (12110): Net "data2[3]" is missing source, defaulting to GND
    Warning (12110): Net "data2[2]" is missing source, defaulting to GND
    Warning (12110): Net "data2[1]" is missing source, defaulting to GND
    Warning (12110): Net "data2[0]" is missing source, defaulting to GND
Warning (12011): Net is missing source, defaulting to GND
    Warning (12110): Net "alu_result[19]" is missing source, defaulting to GND
    Warning (12110): Net "data2[18]" is missing source, defaulting to GND
    Warning (12110): Net "data2[17]" is missing source, defaulting to GND
    Warning (12110): Net "data2[16]" is missing source, defaulting to GND
    Warning (12110): Net "data2[15]" is missing source, defaulting to GND
    Warning (12110): Net "data2[14]" is missing source, defaulting to GND
    Warning (12110): Net "data2[13]" is missing source, defaulting to GND
    Warning (12110): Net "data2[12]" is missing source, defaulting to GND
    Warning (12110): Net "data2[11]" is missing source, defaulting to GND
    Warning (12110): Net "data2[10]" is missing source, defaulting to GND
    Warning (12110): Net "data2[9]" is missing source, defaulting to GND
    Warning (12110): Net "data2[8]" is missing source, defaulting to GND
    Warning (12110): Net "data2[7]" is missing source, defaulting to GND
    Warning (12110): Net "data2[6]" is missing source, defaulting to GND
    Warning (12110): Net "data2[5]" is missing source, defaulting to GND
    Warning (12110): Net "data2[4]" is missing source, defaulting to GND
    Warning (12110): Net "data2[3]" is missing source, defaulting to GND
    Warning (12110): Net "data2[2]" is missing source, defaulting to GND
    Warning (12110): Net "data2[1]" is missing source, defaulting to GND
    Warning (12110): Net "data2[0]" is missing source, defaulting to GND
Warning (12011): Net is missing source, defaulting to GND
    Warning (12110): Net "alu_result[19]" is missing source, defaulting to GND
    Warning (12110): Net "data2[18]" is missing source, defaulting to GND
    Warning (12110): Net "data2[17]" is missing source, defaulting to GND
    Warning (12110): Net "data2[16]" is missing source, defaulting to GND
    Warning (12110): Net "data2[15]" is missing source, defaulting to GND
    Warning (12110): Net "data2[14]" is missing source, defaulting to GND
    Warning (12110): Net "data2[13]" is missing source, defaulting to GND
    Warning (12110): Net "data2[12]" is missing source, defaulting to GND
    Warning (12110): Net "data2[11]" is missing source, defaulting to GND
    Warning (12110): Net "data2[10]" is missing source, defaulting to GND
    Warning (12110): Net "data2[9]" is missing source, defaulting to GND
    Warning (12110): Net "data2[8]" is missing source, defaulting to GND
    Warning (12110): Net "data2[7]" is missing source, defaulting to GND
    Warning (12110): Net "data2[6]" is missing source, defaulting to GND
    Warning (12110): Net "data2[5]" is missing source, defaulting to GND
    Warning (12110): Net "data2[4]" is missing source, defaulting to GND
    Warning (12110): Net "data2[3]" is missing source, defaulting to GND
    Warning (12110): Net "data2[2]" is missing source, defaulting to GND
    Warning (12110): Net "data2[1]" is missing source, defaulting to GND
    Warning (12110): Net "data2[0]" is missing source, defaulting to GND
Warning (12011): Net is missing source, defaulting to GND
    Warning (12110): Net "instruction[19]" is missing source, defaulting to GND
    Warning (12110): Net "alu_result[19]" is missing source, defaulting to GND
    Warning (12110): Net "data2[18]" is missing source, defaulting to GND
    Warning (12110): Net "data2[17]" is missing source, defaulting to GND
    Warning (12110): Net "data2[16]" is missing source, defaulting to GND
    Warning (12110): Net "data2[15]" is missing source, defaulting to GND
    Warning (12110): Net "data2[14]" is missing source, defaulting to GND
    Warning (12110): Net "data2[13]" is missing source, defaulting to GND
    Warning (12110): Net "data2[12]" is missing source, defaulting to GND
    Warning (12110): Net "data2[11]" is missing source, defaulting to GND
    Warning (12110): Net "data2[10]" is missing source, defaulting to GND
    Warning (12110): Net "data2[9]" is missing source, defaulting to GND
    Warning (12110): Net "data2[8]" is missing source, defaulting to GND
    Warning (12110): Net "data2[7]" is missing source, defaulting to GND
    Warning (12110): Net "data2[6]" is missing source, defaulting to GND
    Warning (12110): Net "data2[5]" is missing source, defaulting to GND
    Warning (12110): Net "data2[4]" is missing source, defaulting to GND
    Warning (12110): Net "data2[3]" is missing source, defaulting to GND
    Warning (12110): Net "data2[2]" is missing source, defaulting to GND
    Warning (12110): Net "data2[1]" is missing source, defaulting to GND
    Warning (12110): Net "data2[0]" is missing source, defaulting to GND
Warning (12011): Net is missing source, defaulting to GND
    Warning (12110): Net "proCount[19]" is missing source, defaulting to GND
    Warning (12110): Net "instruction[19]" is missing source, defaulting to GND
    Warning (12110): Net "alu_result[19]" is missing source, defaulting to GND
    Warning (12110): Net "data2[18]" is missing source, defaulting to GND
    Warning (12110): Net "data2[17]" is missing source, defaulting to GND
    Warning (12110): Net "data2[16]" is missing source, defaulting to GND
    Warning (12110): Net "data2[15]" is missing source, defaulting to GND
    Warning (12110): Net "data2[14]" is missing source, defaulting to GND
    Warning (12110): Net "data2[13]" is missing source, defaulting to GND
    Warning (12110): Net "data2[12]" is missing source, defaulting to GND
    Warning (12110): Net "data2[11]" is missing source, defaulting to GND
    Warning (12110): Net "data2[10]" is missing source, defaulting to GND
    Warning (12110): Net "data2[9]" is missing source, defaulting to GND
    Warning (12110): Net "data2[8]" is missing source, defaulting to GND
    Warning (12110): Net "data2[7]" is missing source, defaulting to GND
    Warning (12110): Net "data2[6]" is missing source, defaulting to GND
    Warning (12110): Net "data2[5]" is missing source, defaulting to GND
    Warning (12110): Net "data2[4]" is missing source, defaulting to GND
    Warning (12110): Net "data2[3]" is missing source, defaulting to GND
    Warning (12110): Net "data2[2]" is missing source, defaulting to GND
    Warning (12110): Net "data2[1]" is missing source, defaulting to GND
    Warning (12110): Net "data2[0]" is missing source, defaulting to GND
Warning (12241): 6 hierarchies have connectivity warnings - see the Connectivity Checks report folder
Info (144001): Generated suppressed messages file C:/Mac/Home/Desktop/Vicharak/output_files/InstDec.map.smsg
Info (16010): Generating hard_block partition "hard_block:auto_generated_inst"
    Info (16011): Adding 0 node(s), including 0 DDIO, 0 PLL, 0 transceiver and 0 LCELL
Warning (21074): Design contains 2 input pin(s) that do not drive logic
    Warning (15610): No output dependent on input pin "clk"
    Warning (15610): No output dependent on input pin "reset"
Info (21057): Implemented 2 device resources after synthesis - the final resource count might be different
    Info (21058): Implemented 2 input pins
    Info (21059): Implemented 0 output pins
Info: Quartus II 64-Bit Analysis & Synthesis was successful. 0 errors, 132 warnings
    Info: Peak virtual memory: 13090 megabytes
    Info: Processing ended: Mon Jun 16 01:31:50 2025
    Info: Elapsed time: 00:00:03
    Info: Total CPU time (on all processors): 00:00:02


+------------------------------------------+
; Analysis & Synthesis Suppressed Messages ;
+------------------------------------------+
The suppressed messages can be found in C:/Mac/Home/Desktop/Vicharak/output_files/InstDec.map.smsg.


